# JRE version: OpenJDK Runtime Environment (15.0+36) (build 15+36-1562)
# Java VM: OpenJDK 64-Bit Server VM (15+36-1562, mixed mode, sharing, tiered, compressed oops, g1 gc, windows-amd64)
GC Precious Log:
 CPUs: 8 total, 8 available
 Memory: 16271M
 Large Page Support: Disabled
 NUMA Support: Disabled
 Compressed Oops: Enabled (Zero based)
 Heap Region Size: 2M
 Heap Min Capacity: 8M
 Heap Initial Capacity: 256M
 Heap Max Capacity: 4068M
 Pre-touch: Disabled
 Parallel Workers: 8
 Concurrent Workers: 2
 Concurrent Refinement Workers: 8
 Periodic GC: Disabled
Heap:
 garbage-first heap   total 118784K, used 75514K [0x0000000701c00000, 0x0000000800000000)
  region size 2048K, 22 young (45056K), 1 survivors (2048K)
 Metaspace       used 69683K, capacity 70244K, committed 70448K, reserved 1110016K
  class space    used 9127K, capacity 9289K, committed 9344K, reserved 1048576K
GC Heap History (20 events):
Event: 6.253 GC heap before
{Heap before GC invocations=13 (full 0):
 garbage-first heap   total 81920K, used 62189K [0x0000000701c00000, 0x0000000800000000)
  region size 2048K, 24 young (49152K), 3 survivors (6144K)
 Metaspace       used 40244K, capacity 40647K, committed 40752K, reserved 1085440K
  class space    used 5121K, capacity 5239K, committed 5248K, reserved 1048576K
}
Event: 6.261 GC heap after
{Heap after GC invocations=14 (full 0):
 garbage-first heap   total 81920K, used 20811K [0x0000000701c00000, 0x0000000800000000)
  region size 2048K, 1 young (2048K), 1 survivors (2048K)
 Metaspace       used 40244K, capacity 40647K, committed 40752K, reserved 1085440K
  class space    used 5121K, capacity 5239K, committed 5248K, reserved 1048576K
}
Event: 6.823 GC heap before
{Heap before GC invocations=14 (full 0):
 garbage-first heap   total 81920K, used 63819K [0x0000000701c00000, 0x0000000800000000)
  region size 2048K, 22 young (45056K), 1 survivors (2048K)
 Metaspace       used 44816K, capacity 45162K, committed 45488K, reserved 1089536K
  class space    used 5657K, capacity 5784K, committed 5888K, reserved 1048576K
}
Event: 6.827 GC heap after
{Heap after GC invocations=15 (full 0):
 garbage-first heap   total 81920K, used 21380K [0x0000000701c00000, 0x0000000800000000)
  region size 2048K, 2 young (4096K), 2 survivors (4096K)
 Metaspace       used 44816K, capacity 45162K, committed 45488K, reserved 1089536K
  class space    used 5657K, capacity 5784K, committed 5888K, reserved 1048576K
}
Event: 7.320 GC heap before
{Heap before GC invocations=15 (full 0):
 garbage-first heap   total 81920K, used 62340K [0x0000000701c00000, 0x0000000800000000)
  region size 2048K, 22 young (45056K), 2 survivors (4096K)
 Metaspace       used 48625K, capacity 48992K, committed 49072K, reserved 1091584K
  class space    used 6252K, capacity 6371K, committed 6400K, reserved 1048576K
}
Event: 7.324 GC heap after
{Heap after GC invocations=16 (full 0):
 garbage-first heap   total 81920K, used 22090K [0x0000000701c00000, 0x0000000800000000)
  region size 2048K, 2 young (4096K), 2 survivors (4096K)
 Metaspace       used 48625K, capacity 48992K, committed 49072K, reserved 1091584K
  class space    used 6252K, capacity 6371K, committed 6400K, reserved 1048576K
}
Event: 7.853 GC heap before
{Heap before GC invocations=16 (full 0):
 garbage-first heap   total 81920K, used 65098K [0x0000000701c00000, 0x0000000800000000)
  region size 2048K, 23 young (47104K), 2 survivors (4096K)
 Metaspace       used 52415K, capacity 52780K, committed 52912K, reserved 1095680K
  class space    used 6761K, capacity 6886K, committed 6912K, reserved 1048576K
}
Event: 7.858 GC heap after
{Heap after GC invocations=17 (full 0):
 garbage-first heap   total 81920K, used 23214K [0x0000000701c00000, 0x0000000800000000)
  region size 2048K, 3 young (6144K), 3 survivors (6144K)
 Metaspace       used 52415K, capacity 52780K, committed 52912K, reserved 1095680K
  class space    used 6761K, capacity 6886K, committed 6912K, reserved 1048576K
}
Event: 8.476 GC heap before
{Heap before GC invocations=17 (full 0):
 garbage-first heap   total 81920K, used 62126K [0x0000000701c00000, 0x0000000800000000)
  region size 2048K, 22 young (45056K), 3 survivors (6144K)
 Metaspace       used 55310K, capacity 55745K, committed 55856K, reserved 1097728K
  class space    used 7140K, capacity 7275K, committed 7296K, reserved 1048576K
}
Event: 8.485 GC heap after
{Heap after GC invocations=18 (full 0):
 garbage-first heap   total 81920K, used 25062K [0x0000000701c00000, 0x0000000800000000)
  region size 2048K, 3 young (6144K), 3 survivors (6144K)
 Metaspace       used 55310K, capacity 55745K, committed 55856K, reserved 1097728K
  class space    used 7140K, capacity 7275K, committed 7296K, reserved 1048576K
}
Event: 9.050 GC heap before
{Heap before GC invocations=18 (full 0):
 garbage-first heap   total 81920K, used 61926K [0x0000000701c00000, 0x0000000800000000)
  region size 2048K, 21 young (43008K), 3 survivors (6144K)
 Metaspace       used 57278K, capacity 57663K, committed 57904K, reserved 1099776K
  class space    used 7371K, capacity 7508K, committed 7552K, reserved 1048576K
}
Event: 9.060 GC heap after
{Heap after GC invocations=19 (full 0):
 garbage-first heap   total 98304K, used 27594K [0x0000000701c00000, 0x0000000800000000)
  region size 2048K, 3 young (6144K), 3 survivors (6144K)
 Metaspace       used 57278K, capacity 57663K, committed 57904K, reserved 1099776K
  class space    used 7371K, capacity 7508K, committed 7552K, reserved 1048576K
}
Event: 9.651 GC heap before
{Heap before GC invocations=19 (full 0):
 garbage-first heap   total 98304K, used 64458K [0x0000000701c00000, 0x0000000800000000)
  region size 2048K, 22 young (45056K), 3 survivors (6144K)
 Metaspace       used 59878K, capacity 60288K, committed 60336K, reserved 1101824K
  class space    used 7746K, capacity 7892K, committed 7936K, reserved 1048576K
}
Event: 9.661 GC heap after
{Heap after GC invocations=20 (full 0):
 garbage-first heap   total 98304K, used 28515K [0x0000000701c00000, 0x0000000800000000)
  region size 2048K, 3 young (6144K), 3 survivors (6144K)
 Metaspace       used 59878K, capacity 60288K, committed 60336K, reserved 1101824K
  class space    used 7746K, capacity 7892K, committed 7936K, reserved 1048576K
}
Event: 10.838 GC heap before
{Heap before GC invocations=21 (full 0):
 garbage-first heap   total 98304K, used 77667K [0x0000000701c00000, 0x0000000800000000)
  region size 2048K, 27 young (55296K), 3 survivors (6144K)
 Metaspace       used 61810K, capacity 62308K, committed 62512K, reserved 1103872K
  class space    used 8094K, capacity 8257K, committed 8320K, reserved 1048576K
}
Event: 10.851 GC heap after
{Heap after GC invocations=22 (full 0):
 garbage-first heap   total 98304K, used 31302K [0x0000000701c00000, 0x0000000800000000)
  region size 2048K, 4 young (8192K), 4 survivors (8192K)
 Metaspace       used 61810K, capacity 62308K, committed 62512K, reserved 1103872K
  class space    used 8094K, capacity 8257K, committed 8320K, reserved 1048576K
}
Event: 11.752 GC heap before
{Heap before GC invocations=22 (full 0):
 garbage-first heap   total 98304K, used 74310K [0x0000000701c00000, 0x0000000800000000)
  region size 2048K, 25 young (51200K), 4 survivors (8192K)
 Metaspace       used 63124K, capacity 63598K, committed 63664K, reserved 1103872K
  class space    used 8273K, capacity 8428K, committed 8448K, reserved 1048576K
}
Event: 11.763 GC heap after
{Heap after GC invocations=23 (full 0):
 garbage-first heap   total 98304K, used 35426K [0x0000000701c00000, 0x0000000800000000)
  region size 2048K, 4 young (8192K), 4 survivors (8192K)
 Metaspace       used 63124K, capacity 63598K, committed 63664K, reserved 1103872K
  class space    used 8273K, capacity 8428K, committed 8448K, reserved 1048576K
}
Event: 12.722 GC heap before
{Heap before GC invocations=23 (full 0):
 garbage-first heap   total 98304K, used 76386K [0x0000000701c00000, 0x0000000800000000)
  region size 2048K, 24 young (49152K), 4 survivors (8192K)
 Metaspace       used 66411K, capacity 66987K, committed 67248K, reserved 1107968K
  class space    used 8730K, capacity 8892K, committed 8960K, reserved 1048576K
}
Event: 12.732 GC heap after
{Heap after GC invocations=24 (full 0):
 garbage-first heap   total 118784K, used 34554K [0x0000000701c00000, 0x0000000800000000)
  region size 2048K, 1 young (2048K), 1 survivors (2048K)
 Metaspace       used 66411K, capacity 66987K, committed 67248K, reserved 1107968K
  class space    used 8730K, capacity 8892K, committed 8960K, reserved 1048576K
}

